CompileCommand: exclude com/intellij/openapi/vfs/impl/FilePartNodeRoot.trieDescend bool exclude = true
CompileCommand: exclude com/intellij/openapi/vfs/impl/FilePartNodeRoot.trieDescend bool exclude = true
2023-09-25 16:08:17,781 [  12881]   WARN - #c.i.c.ComponentStoreImpl - Duplicated scheme Light - old: Light, new Light
2023-09-25 16:08:21,400 [  16500]   WARN - #c.i.o.a.ActionStub - ActionGroup should be registered using <group> tag: id="WelcomeScreen.CreateDirectoryProject" class="com.jetbrains.php.actions.PhpStormNewProjectStep"
2023-09-25 16:08:26,115 [  21215]   WARN - #c.i.d.PerformanceWatcherImpl - UI was frozen for 7159ms, details saved to /home/steinkel/.cache/JetBrains/PhpStorm2023.2/log/threadDumps-freeze-20230925-160823-PS-232.9559.64-HashMap.putVal-7sec
2023-09-25 16:11:32,319 [ 207419]   WARN - #c.i.o.Disposable - use application as a parent disposable
CompileCommand: exclude com/intellij/openapi/vfs/impl/FilePartNodeRoot.trieDescend bool exclude = true
2023-09-25 16:29:35,937 [  11769]   WARN - #c.i.c.ComponentStoreImpl - Duplicated scheme Light - old: Light, new Light

Info  | RdCoroutineScope          | 42:DefaultDispatcher-worker-17 | RdCoroutineHost overridden 
2023-09-25 16:30:10,421 [  46253]   WARN - #c.i.o.p.i.ProjectFrameAllocator - Cannot load project in 10 seconds: 
- BlockingCoroutine{Active}@20b4d4c7 [BlockingEventLoop@314a187f]
	- StandaloneCoroutine{Active}@353a64ad [StartupAbortedExceptionHandler, no parent and no name, Dispatchers.Default]
		- StandaloneCoroutine{Active}@6b73b2a2, state: RUNNING [StartupAbortedExceptionHandler, no parent and no name, Dispatchers.Default]
			at java.base/java.lang.Thread.getStackTrace(Thread.java:1610)
			at kotlinx.coroutines.debug.internal.DebugProbesImpl.enhanceStackTraceWithThreadDumpImpl(DebugProbesImpl.kt:328)
			at kotlinx.coroutines.debug.internal.DebugProbesImpl.enhanceStackTraceWithThreadDump(DebugProbesImpl.kt:313)
			at com.intellij.diagnostic.CoroutineDumperKt.traceToDump(coroutineDumper.kt:200)
			at com.intellij.diagnostic.CoroutineDumperKt.dumpCoroutines(coroutineDumper.kt:130)
			at com.intellij.diagnostic.CoroutineDumperKt.dumpCoroutines(coroutineDumper.kt:51)
			at com.intellij.diagnostic.CoroutineDumperKt.dumpCoroutines$default(coroutineDumper.kt:43)
			at com.intellij.openapi.project.impl.ProjectUiFrameAllocator$run$2$debugTask$1.invokeSuspend(ProjectFrameAllocator.kt:148)
		- StandaloneCoroutine{Active}@20fa8ff0, state: SUSPENDED [StartupAbortedExceptionHandler, no parent and no name, Dispatchers.Default]
			at com.intellij.openapi.project.impl.ProjectFrameAllocatorKt$scheduleInitFrame$1.invokeSuspend(ProjectFrameAllocator.kt:333)
		- StandaloneCoroutine{Active}@43b8a9aa, state: SUSPENDED [StartupAbortedExceptionHandler, no parent and no name, Dispatchers.Default]
			at com.intellij.openapi.project.impl.ProjectUiFrameAllocator$doRun$2$reopeningEditorJob$1.invokeSuspend(ProjectFrameAllocator.kt:178)
	- "com.intellij.openapi.application.impl.ApplicationImpl":StandaloneCoroutine{Active}@16c51bd1 [Dispatchers.Default]
		- "com.intellij.diagnostic.PerformanceWatcherImpl":StandaloneCoroutine{Active}@3358afd4, state: SUSPENDED [Dispatchers.Default]
			at com.intellij.util.CoroutineScopeKt$namedChildScope$1$1.invokeSuspend(coroutineScope.kt:44)
			at com.intellij.util.CoroutineScopeKt$namedChildScope$1.invokeSuspend(coroutineScope.kt:42)
			- "com.intellij.diagnostic.PerformanceWatcherImpl":StandaloneCoroutine{Active}@4c0d811a, state: SUSPENDED [Dispatchers.Default]
				at com.intellij.diagnostic.PerformanceWatcherImpl$1.invokeSuspend(PerformanceWatcherImpl.kt:97)
			- "com.intellij.diagnostic.PerformanceWatcherImpl":StandaloneCoroutine{Active}@75943747, state: SUSPENDED [Dispatchers.Default]
				at com.intellij.diagnostic.PerformanceWatcherImpl$2.invokeSuspend(PerformanceWatcherImpl.kt:103)
				- "com.intellij.diagnostic.PerformanceWatcherImpl":ProducerCoroutine{Active}@2b7f9e0b, state: SUSPENDED [Dispatchers.Default]
					at kotlinx.coroutines.flow.internal.ChannelFlowTransformLatest$flowCollect$3.invokeSuspend(Merge.kt:27)
					- "com.intellij.diagnostic.PerformanceWatcherImpl":StandaloneCoroutine{Active}@32c2fc38 [Dispatchers.Default]
		- "com.intellij.openapi.fileTypes.impl.FileTypeManagerImpl":StandaloneCoroutine{Active}@5e32607b, state: SUSPENDED [Dispatchers.Default]
			at com.intellij.util.CoroutineScopeKt$namedChildScope$1$1.invokeSuspend(coroutineScope.kt:44)
			at com.intellij.util.CoroutineScopeKt$namedChildScope$1.invokeSuspend(coroutineScope.kt:42)
			- SupervisorJobImpl{Active}@353e5bdc
		- "com.intellij.ide.ScreenReaderStateManager":StandaloneCoroutine{Active}@5b3a8ead, state: SUSPENDED [Dispatchers.Default]
			at com.intellij.util.CoroutineScopeKt$namedChildScope$1$1.invokeSuspend(coroutineScope.kt:44)
			at com.intellij.util.CoroutineScopeKt$namedChildScope$1.invokeSuspend(coroutineScope.kt:42)
			- "com.intellij.ide.ScreenReaderStateManager":StandaloneCoroutine{Active}@61d21046, state: SUSPENDED [Dispatchers.Default]
				at com.intellij.ide.ScreenReaderStateManager$1.invokeSuspend(ScreenReaderStateManager.kt:20)
		- "com.intellij.ide.ui.customization.CustomActionsSchema":StandaloneCoroutine{Active}@2cae85bf, state: SUSPENDED [Dispatchers.Default]
			at com.intellij.util.CoroutineScopeKt$namedChildScope$1$1.invokeSuspend(coroutineScope.kt:44)
			at com.intellij.util.CoroutineScopeKt$namedChildScope$1.invokeSuspend(coroutineScope.kt:42)
		- "com.intellij.ide.IdeTooltipManager":StandaloneCoroutine{Active}@1b11be05, state: SUSPENDED [Dispatchers.Default]
			at com.intellij.util.CoroutineScopeKt$namedChildScope$1$1.invokeSuspend(coroutineScope.kt:44)
			at com.intellij.util.CoroutineScopeKt$namedChildScope$1.invokeSuspend(coroutineScope.kt:42)
		- "com.intellij.configurationStore.SaveAndSyncHandlerImpl":StandaloneCoroutine{Active}@14d1142c, state: SUSPENDED [Dispatchers.Default]
			at com.intellij.util.CoroutineScopeKt$namedChildScope$1$1.invokeSuspend(coroutineScope.kt:44)
			at com.intellij.util.CoroutineScopeKt$namedChildScope$1.invokeSuspend(coroutineScope.kt:42)
			- "com.intellij.configurationStore.SaveAndSyncHandlerImpl":StandaloneCoroutine{Active}@65f076d0, state: SUSPENDED [Dispatchers.Default]
				at com.intellij.configurationStore.SaveAndSyncHandlerImpl.listenIdleAndActivate(SaveAndSyncHandlerImpl.kt:197)
				at com.intellij.configurationStore.SaveAndSyncHandlerImpl$1.invokeSuspend(SaveAndSyncHandlerImpl.kt:100)
				- "refresh requests flow processing":StandaloneCoroutine{Active}@2bdce48a, state: SUSPENDED [Dispatchers.Default]
					at kotlinx.coroutines.selects.SelectImplementation.doSelectSuspend(Select.kt:431)
					at kotlinx.coroutines.flow.FlowKt__DelayKt$debounceInternal$1.invokeSuspend(Delay.kt:416)
					at kotlinx.coroutines.flow.internal.FlowCoroutineKt$scopedFlow$1$1.invokeSuspend(FlowCoroutine.kt:51)
					at com.intellij.configurationStore.SaveAndSyncHandlerImpl$1$1.invokeSuspend(SaveAndSyncHandlerImpl.kt:66)
					- "refresh requests flow processing":ProducerCoroutine{Active}@51905379, state: SUSPENDED [Dispatchers.Default]
				- "save requests flow processing":StandaloneCoroutine{Active}@37b0f5a9, state: SUSPENDED [Dispatchers.Default]
					at com.intellij.configurationStore.SaveAndSyncHandlerImpl$1$2.invokeSuspend(SaveAndSyncHandlerImpl.kt:73)
				- "com.intellij.configurationStore.SaveAndSyncHandlerImpl":ProducerCoroutine{Completing}@30a5cd6a [Dispatchers.Default]
					- "com.intellij.configurationStore.SaveAndSyncHandlerImpl":StandaloneCoroutine{Active}@35308991, state: SUSPENDED [Dispatchers.Default]
						at kotlinx.coroutines.flow.internal.ChannelLimitedFlowMerge$collectTo$2$1.invokeSuspend(Merge.kt:96)
			- "com.intellij.configurationStore.SaveAndSyncHandlerImpl":StandaloneCoroutine{Active}@3dab94ac, state: SUSPENDED [Dispatchers.Default]
				at com.intellij.util.CoroutinesKt$awaitCancellationAndInvoke$1.invokeSuspend(coroutines.kt:27)
		- "com.intellij.openapi.progress.impl.PlatformTaskSupport":StandaloneCoroutine{Active}@30ffb313, state: SUSPENDED [Dispatchers.Default]
			at com.intellij.util.CoroutineScopeKt$namedChildScope$1$1.invokeSuspend(coroutineScope.kt:44)
			at com.intellij.util.CoroutineScopeKt$namedChildScope$1.invokeSuspend(coroutineScope.kt:42)
		- "com.intellij.ide.AttachedModuleAwareRecentProjectsManager":StandaloneCoroutine{Active}@7c4be932, state: SUSPENDED [Dispatchers.Default]
			at com.intellij.util.CoroutineScopeKt$namedChildScope$1$1.invokeSuspend(coroutineScope.kt:44)
			at com.intellij.util.CoroutineScopeKt$namedChildScope$1.invokeSuspend(coroutineScope.kt:42)
			- "com.intellij.ide.AttachedModuleAwareRecentProjectsManager":StandaloneCoroutine{Active}@1f3edfc1, state: SUSPENDED [Dispatchers.Default]
				at com.intellij.ide.RecentProjectsManagerBase$1.invokeSuspend(RecentProjectsManagerBase.kt:111)
				- "com.intellij.ide.AttachedModuleAwareRecentProjectsManager":ProducerCoroutine{Active}@5214801e, state: SUSPENDED [Dispatchers.Default]
					at kotlinx.coroutines.selects.SelectImplementation.doSelectSuspend(Select.kt:431)
					at kotlinx.coroutines.flow.FlowKt__DelayKt$debounceInternal$1.invokeSuspend(Delay.kt:416)
					at kotlinx.coroutines.flow.internal.FlowCoroutineKt$scopedFlow$1$1.invokeSuspend(FlowCoroutine.kt:51)
					at kotlinx.coroutines.flow.internal.ChannelFlowTransformLatest$flowCollect$3.invokeSuspend(Merge.kt:27)
					- "com.intellij.ide.AttachedModuleAwareRecentProjectsManager":ProducerCoroutine{Active}@71b5e117, state: SUSPENDED [Dispatchers.Default]
		- "org.jetbrains.ide.BuiltInServerManagerImpl":StandaloneCoroutine{Active}@4c6656af, state: SUSPENDED [Dispatchers.Default]
			at com.intellij.util.CoroutineScopeKt$namedChildScope$1$1.invokeSuspend(coroutineScope.kt:44)
			at com.intellij.util.CoroutineScopeKt$namedChildScope$1.invokeSuspend(coroutineScope.kt:42)
		- "com.intellij.ide.ui.html.GlobalStyleSheetHolder$UpdateService":StandaloneCoroutine{Active}@f9812a0, state: SUSPENDED [Dispatchers.Default]
			at com.intellij.util.CoroutineScopeKt$namedChildScope$1$1.invokeSuspend(coroutineScope.kt:44)
			at com.intellij.util.CoroutineScopeKt$namedChildScope$1.invokeSuspend(coroutineScope.kt:42)
			- "com.intellij.ide.ui.html.GlobalStyleSheetHolder$UpdateService":StandaloneCoroutine{Active}@66311445, state: SUSPENDED [Dispatchers.Default]
				at com.intellij.ide.ui.html.GlobalStyleSheetHolder$UpdateService$1.invokeSuspend(GlobalStyleSheetHolder.kt:87)
				- "com.intellij.ide.ui.html.GlobalStyleSheetHolder$UpdateService":ProducerCoroutine{Active}@10536ced, state: SUSPENDED [Dispatchers.Default]
					at kotlinx.coroutines.selects.SelectImplementation.doSelectSuspend(Select.kt:431)
					at kotlinx.coroutines.flow.FlowKt__DelayKt$debounceInternal$1.invokeSuspend(Delay.kt:416)
					at kotlinx.coroutines.flow.internal.FlowCoroutineKt$scopedFlow$1$1.invokeSuspend(FlowCoroutine.kt:51)
					at kotlinx.coroutines.flow.internal.ChannelFlowTransformLatest$flowCollect$3.invokeSuspend(Merge.kt:27)
					- "com.intellij.ide.ui.html.GlobalStyleSheetHolder$UpdateService":ProducerCoroutine{Active}@4e309aa9, state: SUSPENDED [Dispatchers.Default]
		- "com.intellij.ide.IdleTracker":StandaloneCoroutine{Active}@6f8f238a, state: SUSPENDED [Dispatchers.Default]
			at com.intellij.util.CoroutineScopeKt$namedChildScope$1$1.invokeSuspend(coroutineScope.kt:44)
			at com.intellij.util.CoroutineScopeKt$namedChildScope$1.invokeSuspend(coroutineScope.kt:42)
			- SupervisorJobImpl{Active}@12baa60
				- "Idle listener: com.intellij.ide.O.y$$Lambda$753/0x0000000100889fd0":StandaloneCoroutine{Active}@64b01e92, state: SUSPENDED [Dispatchers.Default]
					at kotlinx.coroutines.selects.SelectImplementation.doSelectSuspend(Select.kt:431)
					at kotlinx.coroutines.flow.FlowKt__DelayKt$debounceInternal$1.invokeSuspend(Delay.kt:416)
					at kotlinx.coroutines.flow.internal.FlowCoroutineKt$scopedFlow$1$1.invokeSuspend(FlowCoroutine.kt:51)
					at com.intellij.ide.IdleTracker$addIdleListener$1.invokeSuspend(IdleTracker.kt:63)
					- "Idle listener: com.intellij.ide.O.y$$Lambda$753/0x0000000100889fd0":ProducerCoroutine{Active}@27588f32, state: SUSPENDED [Dispatchers.Default]
		- "com.intellij.openapi.application.impl.ApplicationImpl":StandaloneCoroutine{Active}@2e9f257f, state: SUSPENDED [Dispatchers.Default]
			at com.intellij.ide.AgreementUpdater$execute$2.invokeSuspend(AgreementUpdater.kt:20)
		- "com.intellij.openapi.application.impl.ApplicationImpl":StandaloneCoroutine{Active}@3b1e4015, state: SUSPENDED [Dispatchers.Default]
			at com.intellij.internal.statistic.updater.StatisticsJobsSchedulerKt.checkPreviousExternalUploadResult(StatisticsJobsScheduler.kt:68)
			at com.intellij.internal.statistic.updater.StatisticsJobsScheduler$execute$3.invokeSuspend(StatisticsJobsScheduler.kt:36)
		- "com.intellij.openapi.application.impl.ApplicationImpl":StandaloneCoroutine{Active}@2d9ba78f, state: SUSPENDED [Dispatchers.Default]
			at com.intellij.internal.statistic.updater.StatisticsJobsSchedulerKt.runEventLogStatisticsService(StatisticsJobsScheduler.kt:74)
			at com.intellij.internal.statistic.updater.StatisticsJobsScheduler$execute$4.invokeSuspend(StatisticsJobsScheduler.kt:39)
		- "com.intellij.openapi.application.impl.ApplicationImpl":StandaloneCoroutine{Active}@493b6820, state: SUSPENDED [Dispatchers.Default]
			at com.intellij.internal.statistic.updater.StatisticsJobsSchedulerKt.runValidationRulesUpdate(StatisticsJobsScheduler.kt:49)
			at com.intellij.internal.statistic.updater.StatisticsJobsScheduler$execute$5.invokeSuspend(StatisticsJobsScheduler.kt:42)
		- "com.intellij.internal.statistic.service.fus.collectors.FUStateUsagesLogger":StandaloneCoroutine{Active}@1ed818a5, state: SUSPENDED [Dispatchers.Default]
			at com.intellij.util.CoroutineScopeKt$namedChildScope$1$1.invokeSuspend(coroutineScope.kt:44)
			at com.intellij.util.CoroutineScopeKt$namedChildScope$1.invokeSuspend(coroutineScope.kt:42)
			- "com.intellij.internal.statistic.service.fus.collectors.FUStateUsagesLogger":StandaloneCoroutine{Active}@570ffd83, state: SUSPENDED [Dispatchers.Default]
				at com.intellij.internal.statistic.service.fus.collectors.FUStateUsagesLogger.logApplicationStateRegularly(FUStateUsagesLogger.kt:153)
				at com.intellij.internal.statistic.service.fus.collectors.FUStateUsagesLogger$1.invokeSuspend(FUStateUsagesLogger.kt:52)
		- "DefaultProjectImpl":StandaloneCoroutine{Active}@11b7e67f, state: SUSPENDED [Dispatchers.Default]
			at com.intellij.util.CoroutineScopeKt$namedChildScope$1$1.invokeSuspend(coroutineScope.kt:44)
			at com.intellij.util.CoroutineScopeKt$namedChildScope$1.invokeSuspend(coroutineScope.kt:42)
			- "com.intellij.configurationStore.StoreReloadManagerImpl":StandaloneCoroutine{Active}@1525363b, state: SUSPENDED [Dispatchers.Default]
				at com.intellij.util.CoroutineScopeKt$namedChildScope$1$1.invokeSuspend(coroutineScope.kt:44)
				at com.intellij.util.CoroutineScopeKt$namedChildScope$1.invokeSuspend(coroutineScope.kt:42)
				- "configuration store reload request flow processing":StandaloneCoroutine{Active}@3b8fbefe, state: SUSPENDED [Dispatchers.Default]
					at kotlinx.coroutines.selects.SelectImplementation.doSelectSuspend(Select.kt:431)
					at kotlinx.coroutines.flow.FlowKt__DelayKt$debounceInternal$1.invokeSuspend(Delay.kt:416)
					at kotlinx.coroutines.flow.internal.FlowCoroutineKt$scopedFlow$1$1.invokeSuspend(FlowCoroutine.kt:51)
					at com.intellij.configurationStore.StoreReloadManagerImpl$1.invokeSuspend(StoreReloadManagerImpl.kt:55)
					- "configuration store reload request flow processing":ProducerCoroutine{Active}@61f0f43e, state: SUSPENDED [Dispatchers.Default]
		- "ProjectImpl":StandaloneCoroutine{Active}@6727b049, state: SUSPENDED [Dispatchers.Default]
			at com.intellij.util.CoroutineScopeKt$namedChildScope$1$1.invokeSuspend(coroutineScope.kt:44)
			at com.intellij.util.CoroutineScopeKt$namedChildScope$1.invokeSuspend(coroutineScope.kt:42)
			- SupervisorJobImpl{Active}@f41e562
			- "com.intellij.workspaceModel.ide.impl.WorkspaceModelImpl":StandaloneCoroutine{Active}@7fddbd37, state: SUSPENDED [Dispatchers.Default]
				at com.intellij.util.CoroutineScopeKt$namedChildScope$1$1.invokeSuspend(coroutineScope.kt:44)
				at com.intellij.util.CoroutineScopeKt$namedChildScope$1.invokeSuspend(coroutineScope.kt:42)
			- "com.intellij.workspaceModel.ide.impl.WorkspaceModelCacheImpl":StandaloneCoroutine{Active}@666110f8, state: SUSPENDED [Dispatchers.Default]
				at com.intellij.util.CoroutineScopeKt$namedChildScope$1$1.invokeSuspend(coroutineScope.kt:44)
				at com.intellij.util.CoroutineScopeKt$namedChildScope$1.invokeSuspend(coroutineScope.kt:42)
				- "com.intellij.workspaceModel.ide.impl.WorkspaceModelCacheImpl":StandaloneCoroutine{Active}@53cbfd32, state: SUSPENDED [Dispatchers.Default]
					at kotlinx.coroutines.selects.SelectImplementation.doSelectSuspend(Select.kt:431)
					at kotlinx.coroutines.flow.FlowKt__DelayKt$debounceInternal$1.invokeSuspend(Delay.kt:416)
					at kotlinx.coroutines.flow.internal.FlowCoroutineKt$scopedFlow$1$1.invokeSuspend(FlowCoroutine.kt:51)
					at com.intellij.workspaceModel.ide.impl.WorkspaceModelCacheImpl$2.invokeSuspend(WorkspaceModelCacheImpl.kt:58)
					- "com.intellij.workspaceModel.ide.impl.WorkspaceModelCacheImpl":ProducerCoroutine{Active}@1990770d, state: SUSPENDED [Dispatchers.Default]
			- "com.intellij.openapi.project.ExternalStorageConfigurationManagerImpl":StandaloneCoroutine{Active}@65be6243, state: SUSPENDED [Dispatchers.Default]
				at com.intellij.util.CoroutineScopeKt$namedChildScope$1$1.invokeSuspend(coroutineScope.kt:44)
				at com.intellij.util.CoroutineScopeKt$namedChildScope$1.invokeSuspend(coroutineScope.kt:42)
			- "com.intellij.workspaceModel.ide.impl.legacyBridge.module.ModuleManagerComponentBridge":StandaloneCoroutine{Active}@34ca86e3, state: SUSPENDED [Dispatchers.Default]
				at com.intellij.util.CoroutineScopeKt$namedChildScope$1$1.invokeSuspend(coroutineScope.kt:44)
				at com.intellij.util.CoroutineScopeKt$namedChildScope$1.invokeSuspend(coroutineScope.kt:42)
			- "com.intellij.workspaceModel.ide.impl.legacyBridge.facet.FacetEntityChangeListener":StandaloneCoroutine{Active}@57573db2, state: SUSPENDED [Dispatchers.Default]
				at com.intellij.util.CoroutineScopeKt$namedChildScope$1$1.invokeSuspend(coroutineScope.kt:44)
				at com.intellij.util.CoroutineScopeKt$namedChildScope$1.invokeSuspend(coroutineScope.kt:42)
			- "(ProjectImpl@866812153 x (ApplicationImpl@1774831649 x com.jetbrains.codeWithMe))":StandaloneCoroutine{Active}@774b1631, state: SUSPENDED [Dispatchers.Default]
				at com.intellij.util.CoroutineScopeKt$namedChildScope$1$1.invokeSuspend(coroutineScope.kt:44)
				at com.intellij.util.CoroutineScopeKt$namedChildScope$1.invokeSuspend(coroutineScope.kt:42)
				- "com.jetbrains.rdserver.toolWindow.BackendServerToolWindowManager":StandaloneCoroutine{Active}@17c0df3f, state: SUSPENDED [Dispatchers.Default]
					at com.intellij.util.CoroutineScopeKt$namedChildScope$1$1.invokeSuspend(coroutineScope.kt:44)
					at com.intellij.util.CoroutineScopeKt$namedChildScope$1.invokeSuspend(coroutineScope.kt:42)
				- "com.jetbrains.rdserver.followMe.FollowMeManagerService":StandaloneCoroutine{Active}@50c7f29a, state: SUSPENDED [Dispatchers.Default]
					at com.intellij.util.CoroutineScopeKt$namedChildScope$1$1.invokeSuspend(coroutineScope.kt:44)
					at com.intellij.util.CoroutineScopeKt$namedChildScope$1.invokeSuspend(coroutineScope.kt:42)
				- "com.jetbrains.rdserver.followMe.BackendUserManager":StandaloneCoroutine{Active}@6bc99c39, state: SUSPENDED [Dispatchers.Default]
					at com.intellij.util.CoroutineScopeKt$namedChildScope$1$1.invokeSuspend(coroutineScope.kt:44)
					at com.intellij.util.CoroutineScopeKt$namedChildScope$1.invokeSuspend(coroutineScope.kt:42)
					- "com.jetbrains.rdserver.followMe.BackendUserManager":StandaloneCoroutine{Active}@7e4c52d1, state: CREATED [Dispatchers.EDT]
				- "com.jetbrains.rdserver.toolbar.CWMHostClosedToolbarNotification":StandaloneCoroutine{Active}@11702ca0, state: SUSPENDED [Dispatchers.Default]
					at com.intellij.util.CoroutineScopeKt$namedChildScope$1$1.invokeSuspend(coroutineScope.kt:44)
					at com.intellij.util.CoroutineScopeKt$namedChildScope$1.invokeSuspend(coroutineScope.kt:42)
					- "com.jetbrains.rdserver.toolbar.CWMHostClosedToolbarNotification":StandaloneCoroutine{Active}@36ff52e3, state: CREATED [Dispatchers.EDT]
			- "com.intellij.ide.startup.impl.StartupManagerImpl":StandaloneCoroutine{Active}@330fe1a6, state: SUSPENDED [Dispatchers.Default]
				at com.intellij.util.CoroutineScopeKt$namedChildScope$1$1.invokeSuspend(coroutineScope.kt:44)
				at com.intellij.util.CoroutineScopeKt$namedChildScope$1.invokeSuspend(coroutineScope.kt:42)
			- "com.intellij.ui.EditorNotificationsImpl":StandaloneCoroutine{Active}@1c5a8368, state: SUSPENDED [Dispatchers.Default]
				at com.intellij.util.CoroutineScopeKt$namedChildScope$1$1.invokeSuspend(coroutineScope.kt:44)
				at com.intellij.util.CoroutineScopeKt$namedChildScope$1.invokeSuspend(coroutineScope.kt:42)
			- "com.intellij.xdebugger.impl.XDebuggerManagerImpl":StandaloneCoroutine{Active}@7d5a5603, state: SUSPENDED [Dispatchers.Default]
				at com.intellij.util.CoroutineScopeKt$namedChildScope$1$1.invokeSuspend(coroutineScope.kt:44)
				at com.intellij.util.CoroutineScopeKt$namedChildScope$1.invokeSuspend(coroutineScope.kt:42)
				- SupervisorJobImpl{Active}@ebc0a19
					- "XDebuggerExecutionPointManager":StandaloneCoroutine{Active}@7df30697, state: SUSPENDED [Dispatchers.EDT]
						at kotlinx.coroutines.flow.FlowKt__ShareKt$launchSharing$1.invokeSuspend(Share.kt:214)
						- "XDebuggerExecutionPointManager":ProducerCoroutine{Active}@37a1ba6, state: CREATED [Dispatchers.EDT]
					- SupervisorJobImpl{Active}@b4b9978
						- "XDebuggerExecutionPointManager/UI":StandaloneCoroutine{Active}@3df9e4fb, state: SUSPENDED [Dispatchers.EDT]
							at com.intellij.xdebugger.impl.ui.ExecutionPositionUiKt$showExecutionPositionUi$1.invokeSuspend(ExecutionPositionUi.kt:47)
							- "XDebuggerExecutionPointManager/UI":ProducerCoroutine{Active}@d4957d2, state: CREATED [Dispatchers.EDT]
						- "XDebuggerExecutionPointManager/UI":StandaloneCoroutine{Active}@7f7ee02c, state: SUSPENDED [Dispatchers.EDT]
							at com.intellij.xdebugger.impl.ui.ExecutionPositionUiKt$showExecutionPositionUi$1.invokeSuspend(ExecutionPositionUi.kt:47)
							- "XDebuggerExecutionPointManager/UI":ProducerCoroutine{Active}@47b60fe1, state: CREATED [Dispatchers.EDT]
						- "XDebuggerExecutionPointManager/UI":StandaloneCoroutine{Active}@4fbe816a, state: SUSPENDED [Dispatchers.EDT]
							at com.intellij.xdebugger.impl.XDebuggerExecutionPointManager$1.invokeSuspend(XDebuggerExecutionPointManager.kt:67)
				- "com.intellij.xdebugger.impl.XDebuggerManagerImpl":StandaloneCoroutine{Active}@2a1cf1b4, state: SUSPENDED [Dispatchers.Default]
					at com.intellij.xdebugger.impl.XDebuggerLineChangeHandler$1.invokeSuspend(XDebuggerLineChangeHandler.kt:25)
					- "com.intellij.xdebugger.impl.XDebuggerManagerImpl":ProducerCoroutine{Active}@58301630, state: SUSPENDED [Dispatchers.Default]
						at kotlinx.coroutines.flow.internal.ChannelFlowTransformLatest$flowCollect$3.invokeSuspend(Merge.kt:27)
			- "(ProjectImpl@866812153 x (ApplicationImpl@1774831649 x com.jetbrains.restClient))":StandaloneCoroutine{Active}@68351fe5, state: SUSPENDED [Dispatchers.Default]
				at com.intellij.util.CoroutineScopeKt$namedChildScope$1$1.invokeSuspend(coroutineScope.kt:44)
				at com.intellij.util.CoroutineScopeKt$namedChildScope$1.invokeSuspend(coroutineScope.kt:42)
				- "com.intellij.httpClient.http.request.run.v2.HttpRequestRunLineMarkerV2EnablingListener":StandaloneCoroutine{Active}@39c12637, state: SUSPENDED [Dispatchers.Default]
					at com.intellij.util.CoroutineScopeKt$namedChildScope$1$1.invokeSuspend(coroutineScope.kt:44)
					at com.intellij.util.CoroutineScopeKt$namedChildScope$1.invokeSuspend(coroutineScope.kt:42)
			- "com.intellij.openapi.fileEditor.impl.PsiAwareFileEditorManagerImpl":StandaloneCoroutine{Active}@3aebb5f0, state: SUSPENDED [Dispatchers.Default]
				at com.intellij.util.CoroutineScopeKt$namedChildScope$1$1.invokeSuspend(coroutineScope.kt:44)
				at com.intellij.util.CoroutineScopeKt$namedChildScope$1.invokeSuspend(coroutineScope.kt:42)
				- SupervisorJobImpl{Active}@5d1ba58c
				- "com.intellij.openapi.fileEditor.impl.PsiAwareFileEditorManagerImpl":StandaloneCoroutine{Active}@262db2a6, state: SUSPENDED [Dispatchers.Default]
					at kotlinx.coroutines.flow.FlowKt__ShareKt$launchSharing$1.invokeSuspend(Share.kt:214)
					- "com.intellij.openapi.fileEditor.impl.PsiAwareFileEditorManagerImpl":ProducerCoroutine{Active}@36a88fef, state: SUSPENDED [Dispatchers.Default]
						at kotlinx.coroutines.flow.internal.ChannelFlowTransformLatest$flowCollect$3.invokeSuspend(Merge.kt:27)
						- "com.intellij.openapi.fileEditor.impl.PsiAwareFileEditorManagerImpl":ProducerCoroutine{Active}@7a8cbb93, state: SUSPENDED [Dispatchers.Default]
							at kotlinx.coroutines.flow.internal.ChannelFlowTransformLatest$flowCollect$3.invokeSuspend(Merge.kt:27)
				- "com.intellij.openapi.fileEditor.impl.PsiAwareFileEditorManagerImpl":StandaloneCoroutine{Active}@1dafd507, state: SUSPENDED [Dispatchers.Default]
					at com.intellij.util.flow.FlowKt$zipWithNext$1.invokeSuspend(flow.kt:107)
				- "com.intellij.openapi.fileEditor.impl.PsiAwareFileEditorManagerImpl":StandaloneCoroutine{Active}@565cfc96, state: SUSPENDED [Dispatchers.Default]
					at kotlinx.coroutines.flow.FlowKt__ShareKt$launchSharing$1.invokeSuspend(Share.kt:214)
				- "com.intellij.openapi.fileEditor.impl.PsiAwareFileEditorManagerImpl":StandaloneCoroutine{Active}@2479c645, state: CREATED [ANY, Dispatchers.EDT]
			- "ProjectImpl":StandaloneCoroutine{Completing}@44572762 [Dispatchers.Default]
				- "ProjectImpl":LazyStandaloneCoroutine{Active}@3bb6b17a, state: SUSPENDED [Dispatchers.Default]
					at com.intellij.openapi.application.rw.InternalReadAction.readLoop(InternalReadAction.kt:61)
					at com.intellij.openapi.application.rw.InternalReadAction$runReadAction$4.invokeSuspend(InternalReadAction.kt:42)
					at com.intellij.openapi.roots.impl.ProjectRootManagerComponent$addRootsToWatch$2$job$1.invokeSuspend(ProjectRootManagerComponent.kt:209)
		- SupervisorJobImpl{Active}@6cb660d0
			- "com.intellij.openapi.application.impl.ApplicationImpl":StandaloneCoroutine{Active}@25677bae, state: SUSPENDED [Dispatchers.Default]
				at com.intellij.openapi.wm.impl.IdeMenuBar$2.invokeSuspend(IdeMenuBar.kt:118)
				- "com.intellij.openapi.application.impl.ApplicationImpl":ProducerCoroutine{Active}@194f05d7, state: SUSPENDED [Dispatchers.Default]
					at kotlinx.coroutines.selects.SelectImplementation.doSelectSuspend(Select.kt:431)
					at kotlinx.coroutines.flow.FlowKt__DelayKt$debounceInternal$1.invokeSuspend(Delay.kt:416)
					at kotlinx.coroutines.flow.internal.FlowCoroutineKt$scopedFlow$1$1.invokeSuspend(FlowCoroutine.kt:51)
					at kotlinx.coroutines.flow.internal.ChannelFlowTransformLatest$flowCollect$3.invokeSuspend(Merge.kt:27)
					- "com.intellij.openapi.application.impl.ApplicationImpl":ProducerCoroutine{Active}@5ff1204e, state: SUSPENDED [Dispatchers.Default]
		- SupervisorJobImpl{Active}@1486c132
			- "com.intellij.openapi.application.impl.ApplicationImpl":StandaloneCoroutine{Active}@39467e8a, state: SUSPENDED [Dispatchers.Default]
				at com.intellij.openapi.wm.impl.IdeMenuBar$2.invokeSuspend(IdeMenuBar.kt:118)
				- "com.intellij.openapi.application.impl.ApplicationImpl":ProducerCoroutine{Active}@27e2d807, state: SUSPENDED [Dispatchers.Default]
					at kotlinx.coroutines.selects.SelectImplementation.doSelectSuspend(Select.kt:431)
					at kotlinx.coroutines.flow.FlowKt__DelayKt$debounceInternal$1.invokeSuspend(Delay.kt:416)
					at kotlinx.coroutines.flow.internal.FlowCoroutineKt$scopedFlow$1$1.invokeSuspend(FlowCoroutine.kt:51)
					at kotlinx.coroutines.flow.internal.ChannelFlowTransformLatest$flowCollect$3.invokeSuspend(Merge.kt:27)
					- "com.intellij.openapi.application.impl.ApplicationImpl":ProducerCoroutine{Active}@46621091, state: SUSPENDED [Dispatchers.Default]
		- SupervisorJobImpl{Active}@4772ac14
			- "com.intellij.openapi.application.impl.ApplicationImpl":StandaloneCoroutine{Active}@1047bb43, state: SUSPENDED [Dispatchers.Default]
				at com.intellij.openapi.wm.impl.IdeMenuBar$2.invokeSuspend(IdeMenuBar.kt:118)
				- "com.intellij.openapi.application.impl.ApplicationImpl":ProducerCoroutine{Active}@1a7f35ef, state: SUSPENDED [Dispatchers.Default]
					at kotlinx.coroutines.selects.SelectImplementation.doSelectSuspend(Select.kt:431)
					at kotlinx.coroutines.flow.FlowKt__DelayKt$debounceInternal$1.invokeSuspend(Delay.kt:416)
					at kotlinx.coroutines.flow.internal.FlowCoroutineKt$scopedFlow$1$1.invokeSuspend(FlowCoroutine.kt:51)
					at kotlinx.coroutines.flow.internal.ChannelFlowTransformLatest$flowCollect$3.invokeSuspend(Merge.kt:27)
					- "com.intellij.openapi.application.impl.ApplicationImpl":ProducerCoroutine{Active}@2becf447, state: SUSPENDED [Dispatchers.Default]
		- SupervisorJobImpl{Active}@3566adc
			- "com.intellij.openapi.application.impl.ApplicationImpl":StandaloneCoroutine{Active}@7d5c9f33, state: SUSPENDED [Dispatchers.Default]
				at kotlinx.coroutines.selects.SelectImplementation.doSelectSuspend(Select.kt:431)
				at kotlinx.coroutines.flow.FlowKt__DelayKt$debounceInternal$1.invokeSuspend(Delay.kt:416)
				at kotlinx.coroutines.flow.internal.FlowCoroutineKt$scopedFlow$1$1.invokeSuspend(FlowCoroutine.kt:51)
				at com.intellij.ui.BalloonLayoutImpl$1.invokeSuspend(BalloonLayoutImpl.kt:75)
				- "com.intellij.openapi.application.impl.ApplicationImpl":ProducerCoroutine{Active}@506cbe78, state: SUSPENDED [Dispatchers.Default]
		- "com.intellij.diagnostic.ThreadDumpService":StandaloneCoroutine{Active}@b36450d, state: SUSPENDED [Dispatchers.Default]
			at com.intellij.util.CoroutineScopeKt$namedChildScope$1$1.invokeSuspend(coroutineScope.kt:44)
			at com.intellij.util.CoroutineScopeKt$namedChildScope$1.invokeSuspend(coroutineScope.kt:42)
		- "com.intellij.workspaceModel.ide.impl.GlobalWorkspaceModelCacheImpl":StandaloneCoroutine{Active}@699031ab, state: SUSPENDED [Dispatchers.Default]
			at com.intellij.util.CoroutineScopeKt$namedChildScope$1$1.invokeSuspend(coroutineScope.kt:44)
			at com.intellij.util.CoroutineScopeKt$namedChildScope$1.invokeSuspend(coroutineScope.kt:42)
			- "com.intellij.workspaceModel.ide.impl.GlobalWorkspaceModelCacheImpl":StandaloneCoroutine{Active}@73221b8b, state: SUSPENDED [Dispatchers.Default]
				at kotlinx.coroutines.selects.SelectImplementation.doSelectSuspend(Select.kt:431)
				at kotlinx.coroutines.flow.FlowKt__DelayKt$debounceInternal$1.invokeSuspend(Delay.kt:416)
				at kotlinx.coroutines.flow.internal.FlowCoroutineKt$scopedFlow$1$1.invokeSuspend(FlowCoroutine.kt:51)
				at com.intellij.workspaceModel.ide.impl.GlobalWorkspaceModelCacheImpl$1.invokeSuspend(GlobalWorkspaceModelCacheImpl.kt:33)
				- "com.intellij.workspaceModel.ide.impl.GlobalWorkspaceModelCacheImpl":ProducerCoroutine{Active}@4a0526cf, state: SUSPENDED [Dispatchers.Default]
		- "com.intellij.workspaceModel.ide.impl.jps.serialization.JpsGlobalModelSynchronizerImpl":StandaloneCoroutine{Active}@5cbff9b6, state: SUSPENDED [Dispatchers.Default]
			at com.intellij.util.CoroutineScopeKt$namedChildScope$1$1.invokeSuspend(coroutineScope.kt:44)
			at com.intellij.util.CoroutineScopeKt$namedChildScope$1.invokeSuspend(coroutineScope.kt:42)
		- "(ApplicationImpl@1774831649 x com.jetbrains.codeWithMe)":StandaloneCoroutine{Active}@34075ac9, state: SUSPENDED [Dispatchers.Default]
			at com.intellij.util.CoroutineScopeKt$namedChildScope$1$1.invokeSuspend(coroutineScope.kt:44)
			at com.intellij.util.CoroutineScopeKt$namedChildScope$1.invokeSuspend(coroutineScope.kt:42)
			- "child handle '(ProjectImpl@866812153 x (ApplicationImpl@1774831649 x com.jetbrains.codeWithMe))'":StandaloneCoroutine{Active}@191f1fc7, state: SUSPENDED [Dispatchers.Default]
				at com.intellij.util.CoroutineScopeKt$attachAsChildTo$1$1.invokeSuspend(coroutineScope.kt:88)
				at com.intellij.util.CoroutineScopeKt$attachAsChildTo$1.invokeSuspend(coroutineScope.kt:87)
		- "(ApplicationImpl@1774831649 x com.jetbrains.restClient)":StandaloneCoroutine{Active}@6c7247b0, state: SUSPENDED [Dispatchers.Default]
			at com.intellij.util.CoroutineScopeKt$namedChildScope$1$1.invokeSuspend(coroutineScope.kt:44)
			at com.intellij.util.CoroutineScopeKt$namedChildScope$1.invokeSuspend(coroutineScope.kt:42)
			- "child handle '(ProjectImpl@866812153 x (ApplicationImpl@1774831649 x com.jetbrains.restClient))'":StandaloneCoroutine{Active}@4770b6ae, state: SUSPENDED [Dispatchers.Default]
				at com.intellij.util.CoroutineScopeKt$attachAsChildTo$1$1.invokeSuspend(coroutineScope.kt:88)
				at com.intellij.util.CoroutineScopeKt$attachAsChildTo$1.invokeSuspend(coroutineScope.kt:87)
	- StandaloneCoroutine{Active}@74c0b893 [BlockingEventLoop@314a187f]

- SupervisorJobImpl{Active}@6784f0c4
	- StandaloneCoroutine{Active}@5dafa2bf, state: SUSPENDED [LimitedDispatcher@f7d0054]
		at com.intellij.openapi.vfs.newvfs.persistent.log.OperationLogStorageImpl.writeWorker(OperationLogStorageImpl.kt:59)
		at com.intellij.openapi.vfs.newvfs.persistent.log.OperationLogStorageImpl$1$1.invokeSuspend(OperationLogStorageImpl.kt:50)
	- StandaloneCoroutine{Active}@7d0afd41, state: SUSPENDED [LimitedDispatcher@f7d0054]
		at com.intellij.openapi.vfs.newvfs.persistent.log.OperationLogStorageImpl.writeWorker(OperationLogStorageImpl.kt:59)
		at com.intellij.openapi.vfs.newvfs.persistent.log.OperationLogStorageImpl$1$1.invokeSuspend(OperationLogStorageImpl.kt:50)
	- StandaloneCoroutine{Active}@2970c3a8, state: SUSPENDED [LimitedDispatcher@f7d0054]
		at com.intellij.openapi.vfs.newvfs.persistent.log.OperationLogStorageImpl.writeWorker(OperationLogStorageImpl.kt:59)
		at com.intellij.openapi.vfs.newvfs.persistent.log.OperationLogStorageImpl$1$1.invokeSuspend(OperationLogStorageImpl.kt:50)
	- StandaloneCoroutine{Active}@7ea89f4b, state: SUSPENDED [LimitedDispatcher@f7d0054]
		at com.intellij.openapi.vfs.newvfs.persistent.log.OperationLogStorageImpl.writeWorker(OperationLogStorageImpl.kt:59)
		at com.intellij.openapi.vfs.newvfs.persistent.log.OperationLogStorageImpl$1$1.invokeSuspend(OperationLogStorageImpl.kt:50)

- StandaloneCoroutine{Active}@74786e09, state: SUSPENDED [com.jetbrains.rd.framework.util.RdCoroutineScope$coroutineContext$2$invoke$$inlined$CoroutineExceptionHandler$1@57f41b7a, Dispatchers.IO]
	at com.jetbrains.rd.platform.codeWithMe.protocol.wire.storage.WireStorage.launchWireCheck(WireStorage.kt:569)
	at com.jetbrains.rd.platform.codeWithMe.protocol.wire.storage.WireStorage$4.invokeSuspend(WireStorage.kt:129)

- JobImpl{Active}@10ba32d2
	- StandaloneCoroutine{Active}@1728cdd, state: SUSPENDED [Dispatchers.IO]
		at com.intellij.platform.diagnostic.telemetry.BatchSpanProcessor$processQueue$2.invokeSuspend(BatchSpanProcessor.kt:257)
		at kotlinx.coroutines.TimeoutKt.withTimeoutOrNull(Timeout.kt:104)
		at com.intellij.platform.diagnostic.telemetry.BatchSpanProcessor.processQueue(BatchSpanProcessor.kt:256)
		at com.intellij.platform.diagnostic.telemetry.BatchSpanProcessor$2.invokeSuspend(BatchSpanProcessor.kt:105)

- "ClientSessionImpl":StandaloneCoroutine{Active}@61d4a0fe, state: SUSPENDED [ClientId(value=Host), Dispatchers.Default]
	at com.intellij.util.CoroutineScopeKt$namedChildScope$1$1.invokeSuspend(coroutineScope.kt:44)
	at com.intellij.util.CoroutineScopeKt$namedChildScope$1.invokeSuspend(coroutineScope.kt:42)

- "ClientSessionImpl":StandaloneCoroutine{Active}@335f29d7, state: SUSPENDED [ClientId(value=Host), Dispatchers.Default]
	at com.intellij.util.CoroutineScopeKt$namedChildScope$1$1.invokeSuspend(coroutineScope.kt:44)
	at com.intellij.util.CoroutineScopeKt$namedChildScope$1.invokeSuspend(coroutineScope.kt:42)

- SupervisorJobImpl{Active}@613a07b1
	- "child handle '(ApplicationImpl@1774831649 x com.jetbrains.codeWithMe)'":StandaloneCoroutine{Active}@17d667b6, state: SUSPENDED [Dispatchers.Default]
		at com.intellij.util.CoroutineScopeKt$attachAsChildTo$1$1.invokeSuspend(coroutineScope.kt:88)
		at com.intellij.util.CoroutineScopeKt$attachAsChildTo$1.invokeSuspend(coroutineScope.kt:87)

- SupervisorJobImpl{Active}@672ef5bd
	- "child handle '(ApplicationImpl@1774831649 x com.jetbrains.restClient)'":StandaloneCoroutine{Active}@203c9949, state: SUSPENDED [Dispatchers.Default]
		at com.intellij.util.CoroutineScopeKt$attachAsChildTo$1$1.invokeSuspend(coroutineScope.kt:88)
		at com.intellij.util.CoroutineScopeKt$attachAsChildTo$1.invokeSuspend(coroutineScope.kt:87)

- StandaloneCoroutine{Active}@58524ce6, state: CREATED [com.jetbrains.rd.framework.util.RdCoroutineScope$coroutineContext$2$invoke$$inlined$CoroutineExceptionHandler$1@51f798c7, ModalityState.NON_MODAL, Dispatchers.EDT]

- StandaloneCoroutine{Active}@69dbb336, state: CREATED [com.jetbrains.rd.framework.util.RdCoroutineScope$coroutineContext$2$invoke$$inlined$CoroutineExceptionHandler$1@51f798c7, ModalityState.NON_MODAL, Dispatchers.EDT]

2023-09-25 16:30:14,952 [  50784]   WARN - #c.i.o.a.i.ActionUpdater - 1007 ms to call on BGT GitToolbarWidgetAction#update@MainToolbar (git4idea.ui.toolbar.GitToolbarWidgetAction)
2023-09-25 16:30:32,348 [  68180]   WARN - #c.i.i.c.t.p.v.p.StateDatabaseParser - No suitable driver found for jdbc:sqlite:/home/steinkel/.config/Code/User/globalStorage/state.vscdb
java.sql.SQLException: No suitable driver found for jdbc:sqlite:/home/steinkel/.config/Code/User/globalStorage/state.vscdb
	at java.sql/java.sql.DriverManager.getConnection(DriverManager.java:706)
	at java.sql/java.sql.DriverManager.getConnection(DriverManager.java:252)
	at com.intellij.ide.customize.transferSettings.providers.vscode.parsers.StateDatabaseParser.process(StateDatabaseParser.kt:27)
	at com.intellij.ide.customize.transferSettings.providers.vscode.VSCodeSettingsProcessor.getProcessedSettings(VSCodeSettingsProcessor.kt:54)
	at com.intellij.ide.customize.transferSettings.providers.vscode.VSCodeTransferSettingsProvider$cachedIdeVersion$2.invoke(VSCodeTransferSettingsProvider.kt:25)
	at com.intellij.ide.customize.transferSettings.providers.vscode.VSCodeTransferSettingsProvider$cachedIdeVersion$2.invoke(VSCodeTransferSettingsProvider.kt:24)
	at kotlin.SynchronizedLazyImpl.getValue(LazyJVM.kt:74)
	at com.intellij.ide.customize.transferSettings.providers.vscode.VSCodeTransferSettingsProvider.getCachedIdeVersion(VSCodeTransferSettingsProvider.kt:24)
	at com.intellij.ide.customize.transferSettings.providers.vscode.VSCodeTransferSettingsProvider.getIdeVersion(VSCodeTransferSettingsProvider.kt:30)
	at com.intellij.ide.customize.transferSettings.providers.vscode.VSCodeTransferSettingsProvider.getIdeVersions(VSCodeTransferSettingsProvider.kt:20)
	at com.intellij.ide.customize.transferSettings.providers.vscode.VSCodeTransferSettingsProvider.getIdeVersions(VSCodeTransferSettingsProvider.kt:12)
	at com.intellij.ide.customize.transferSettings.TransferSettingsDataProviderSession$createBaseIdeVersions$1.invoke(TransferSettingsDataProvider.kt:57)
	at com.intellij.ide.customize.transferSettings.TransferSettingsDataProviderSession$createBaseIdeVersions$1.invoke(TransferSettingsDataProvider.kt:50)
	at com.intellij.ide.customize.transferSettings.TransferSettingsDataProviderSession.createBaseIdeVersions$lambda$0(TransferSettingsDataProvider.kt:50)
	at java.base/java.util.stream.ReferencePipeline$7$1.accept(ReferencePipeline.java:273)
	at java.base/java.util.Collections$2.tryAdvance(Collections.java:4853)
	at java.base/java.util.Collections$2.forEachRemaining(Collections.java:4861)
	at java.base/java.util.stream.AbstractPipeline.copyInto(AbstractPipeline.java:509)
	at java.base/java.util.stream.AbstractPipeline.wrapAndCopyInto(AbstractPipeline.java:499)
	at java.base/java.util.stream.ReduceOps$ReduceTask.doLeaf(ReduceOps.java:960)
	at java.base/java.util.stream.ReduceOps$ReduceTask.doLeaf(ReduceOps.java:934)
	at java.base/java.util.stream.AbstractTask.compute(AbstractTask.java:327)
	at java.base/java.util.concurrent.CountedCompleter.exec(CountedCompleter.java:754)
	at java.base/java.util.concurrent.ForkJoinTask.doExec(ForkJoinTask.java:373)
	at java.base/java.util.concurrent.ForkJoinTask.invoke(ForkJoinTask.java:686)
	at java.base/java.util.stream.ReduceOps$ReduceOp.evaluateParallel(ReduceOps.java:927)
	at java.base/java.util.stream.AbstractPipeline.evaluate(AbstractPipeline.java:233)
	at java.base/java.util.stream.ReferencePipeline.collect(ReferencePipeline.java:682)
	at com.intellij.ide.customize.transferSettings.TransferSettingsDataProviderSession.createBaseIdeVersions(TransferSettingsDataProvider.kt:65)
	at com.intellij.ide.customize.transferSettings.TransferSettingsDataProviderSession.access$createBaseIdeVersions(TransferSettingsDataProvider.kt:42)
	at com.intellij.ide.customize.transferSettings.TransferSettingsDataProviderSession$baseIdeVersions$2.invoke(TransferSettingsDataProvider.kt:46)
	at com.intellij.ide.customize.transferSettings.TransferSettingsDataProviderSession$baseIdeVersions$2.invoke(TransferSettingsDataProvider.kt:46)
	at kotlin.SynchronizedLazyImpl.getValue(LazyJVM.kt:74)
	at com.intellij.ide.customize.transferSettings.TransferSettingsDataProviderSession.getBaseIdeVersions(TransferSettingsDataProvider.kt:46)
	at com.intellij.ide.customize.transferSettings.TransferSettingsDataProvider.refresh(TransferSettingsDataProvider.kt:30)
	at com.intellij.ide.customize.transferSettings.TransferSettingsDataProvider.<init>(TransferSettingsDataProvider.kt:22)
	at com.intellij.ide.customize.transferSettings.TransferSettingsDataProvider.<init>(TransferSettingsDataProvider.kt:19)
	at com.intellij.ide.customize.transferSettings.TransferSettingsProjectActivity.<init>(TransferSettingsProjectActivity.kt:16)
	at com.intellij.serviceContainer.ComponentManagerImpl.doInstantiateClass(ComponentManagerImpl.kt:962)
	at com.intellij.serviceContainer.ComponentManagerImpl.instantiateClass(ComponentManagerImpl.kt:954)
	at com.intellij.openapi.extensions.impl.XmlExtensionAdapter.instantiateClass(XmlExtensionAdapter.kt:78)
	at com.intellij.openapi.extensions.impl.XmlExtensionAdapter$SimpleConstructorInjectionAdapter.instantiateClass(XmlExtensionAdapter.kt:89)
	at com.intellij.openapi.extensions.impl.XmlExtensionAdapter.doCreateInstance(XmlExtensionAdapter.kt:49)
	at com.intellij.openapi.extensions.impl.XmlExtensionAdapter.createInstance(XmlExtensionAdapter.kt:30)
	at com.intellij.openapi.extensions.ExtensionPointNameKt.createOrError(ExtensionPointName.kt:290)
	at com.intellij.ide.startup.impl.StartupManagerImpl.runPostStartupActivities(StartupManagerImpl.kt:589)
	at com.intellij.ide.startup.impl.StartupManagerImpl.access$runPostStartupActivities(StartupManagerImpl.kt:72)
	at com.intellij.ide.startup.impl.StartupManagerImpl$runPostStartupActivities$2.invokeSuspend(StartupManagerImpl.kt:181)
	at kotlin.coroutines.jvm.internal.BaseContinuationImpl.resumeWith(ContinuationImpl.kt:33)
	at kotlinx.coroutines.DispatchedTask.run(DispatchedTask.kt:106)
	at kotlinx.coroutines.scheduling.CoroutineScheduler.runSafely(CoroutineScheduler.kt:584)
	at kotlinx.coroutines.scheduling.CoroutineScheduler$Worker.executeTask(CoroutineScheduler.kt:793)
	at kotlinx.coroutines.scheduling.CoroutineScheduler$Worker.runWorker(CoroutineScheduler.kt:697)
	at kotlinx.coroutines.scheduling.CoroutineScheduler$Worker.run(CoroutineScheduler.kt:684)
2023-09-25 16:30:38,055 [  73887]   WARN - #c.i.i.s.p.i.SharedIndexChunkConfigurationImpl - Chunk bundled-js-predefined-1d06a55b98c1-8314e18161f9-JavaScript-PS-232.9559.64 is incompatible and is not registered for project 'cakefest2'
2023-09-25 16:30:41,721 [  77553]   WARN - #c.i.i.s.p.i.BundledSharedIndexPostStartupActivity - Skipped 1 pre-built shared indexes: bundled-js-predefined-1d06a55b98c1-8314e18161f9-JavaScript-PS-232.9559.64

(java:22470): Gtk-WARNING **: 16:30:52.553: gtk_disable_setlocale() must be called before gtk_init()
MESA-INTEL: warning: Bay Trail Vulkan support is incomplete
2023-09-25 16:31:05,313 [ 101145]   WARN - #c.i.o.v.ExternallyAddedFilesProcessorImpl - Cannot find project config directory for non-default and non-directory based project cakefest2
2023-09-25 16:31:10,049 [ 105881]   WARN - #c.i.o.a.i.ActionUpdater - 807 ms to grab EDT for ToolWindowHeader$2#update@ToolwindowTitle (com.intellij.toolWindow.ToolWindowHeader$2)
2023-09-25 16:31:11,259 [ 107091]   WARN - #c.i.o.a.i.ActionUpdater - 792 ms to grab EDT for ExpandAllAction#update@ToolwindowTitle (com.intellij.ide.actions.ExpandAllAction)
2023-09-25 16:31:12,539 [ 108371]   WARN - #c.i.o.a.i.ActionUpdater - 1264 ms to grab EDT for CollapseAllAction#update@ToolwindowTitle (com.intellij.ide.actions.CollapseAllAction)
2023-09-25 16:31:21,317 [ 117149]   WARN - #c.i.o.a.i.ActionUpdater - 1391 ms to call on BGT RevealFileAction#update@ProjectViewPopup(preload-bgt) (com.intellij.ide.actions.RevealFileAction)
2023-09-25 16:31:21,321 [ 117153]   WARN - #c.i.o.a.i.ActionUpdater - 1401 ms to call on BGT RevealFileAction#update@ProjectViewPopup(preload-bgt) (com.intellij.ide.actions.RevealFileAction)
2023-09-25 16:31:24,677 [ 120509]   WARN - #c.i.o.v.ExternallyAddedFilesProcessorImpl - Cannot find project config directory for non-default and non-directory based project cakefest2
2023-09-25 16:31:24,836 [ 120668]   WARN - #c.i.o.v.ExternallyAddedFilesProcessorImpl - Cannot find project config directory for non-default and non-directory based project cakefest2
2023-09-25 16:31:25,011 [ 120843]   WARN - #c.i.o.v.ExternallyAddedFilesProcessorImpl - Cannot find project config directory for non-default and non-directory based project cakefest2
2023-09-25 16:31:25,041 [ 120873]   WARN - #c.i.o.v.ExternallyAddedFilesProcessorImpl - Cannot find project config directory for non-default and non-directory based project cakefest2
2023-09-25 16:31:27,744 [ 123576]   WARN - #c.i.o.v.ExternallyAddedFilesProcessorImpl - Cannot find project config directory for non-default and non-directory based project cakefest2
2023-09-25 16:31:28,033 [ 123865]   WARN - #c.i.o.v.ExternallyAddedFilesProcessorImpl - Cannot find project config directory for non-default and non-directory based project cakefest2
2023-09-25 16:32:11,433 [ 167265]   WARN - #c.i.o.a.i.ActionUpdater - 457 ms to grab EDT for ToolWindowHeader$2#update@ToolwindowTitle (com.intellij.toolWindow.ToolWindowHeader$2)
2023-09-25 16:32:17,213 [ 173045]   WARN - #c.i.o.v.ExternallyAddedFilesProcessorImpl - Cannot find project config directory for non-default and non-directory based project cakefest2
2023-09-25 16:32:50,042 [ 205874]   WARN - #c.i.o.v.ExternallyAddedFilesProcessorImpl - Cannot find project config directory for non-default and non-directory based project cakefest2
2023-09-25 16:35:09,894 [ 345726]   WARN - #c.i.o.a.i.ActionUpdater - 917 ms to grab EDT for EditorMarkupModelImpl$TrafficLightAction#update@EditorInspectionsToolbar (com.intellij.openapi.editor.impl.EditorMarkupModelImpl$TrafficLightAction)
2023-09-25 16:35:10,207 [ 346039]   WARN - #c.i.o.a.i.ActionUpdater - 695 ms to grab EDT for FontEditorPreview$RestorePreviewTextAction#update@ContextToolbar (com.intellij.application.options.colors.FontEditorPreview$RestorePreviewTextAction)
2023-09-25 16:35:10,661 [ 346493]   WARN - #c.i.o.a.i.ActionUpdater - 754 ms to grab EDT for EditorMarkupModelImpl$1#update@EditorInspectionsToolbar (com.intellij.openapi.editor.impl.EditorMarkupModelImpl$1)
2023-09-25 16:35:10,742 [ 346574]   WARN - #c.i.o.a.i.ActionUpdater - 518 ms to grab EDT for FontEditorPreview$ToggleBoldFontAction#update@ContextToolbar (com.intellij.application.options.colors.FontEditorPreview$ToggleBoldFontAction)
2023-09-25 16:35:30,815 [ 366647]   WARN - #c.i.o.a.i.ActionUpdater - 2478 ms to call on BGT PhpParaTestRunAction#update@EditorPopup(preload-bgt) (com.jetbrains.php.phpunit.PhpParaTestRunAction)
2023-09-25 16:35:30,817 [ 366649]   WARN - #c.i.o.a.i.ActionUpdater - 2478 ms to call on BGT PhpParaTestRunAction#update@EditorPopup(preload-bgt) (com.jetbrains.php.phpunit.PhpParaTestRunAction)
2023-09-25 16:37:09,443 [ 465275]   WARN - #c.i.u.x.Binding - no accessors for java.time.LocalTime
